make.exe all --print-data-base --no-builtin-variables --no-builtin-rules --question
# GNU Make 4.3
# Built for x86_64-pc-msys
# Copyright (C) 1988-2020 Free Software Foundation, Inc.
# License GPLv3+: GNU GPL version 3 or later <http://gnu.org/licenses/gpl.html>
# This is free software: you are free to change and redistribute it.
# There is NO WARRANTY, to the extent permitted by law.
 

# Make data base, printed on Sun Jul 24 13:42:36 2022

# Variables

# environment
SYSTEMDRIVE = C:
# environment
LC_ALL = C
# makefile (from 'Makefile', line 9)
SRC :=   src/helloworld.cpp 
# environment
USERPROFILE = C:\Users\rafael.olonapoblet
# environment
LOCALAPPDATA = C:\Users\rafael.olonapoblet\AppData\Local
# environment
VSCODE_CWD = C:\Users\rafael.olonapoblet\Desktop\tutorial\code\helloworld
# environment
CHOCOLATEYINSTALL = C:\ProgramData\chocolatey
# environment
SYSTEMROOT = C:\WINDOWS
# environment
PROCESSOR_LEVEL = 6
# environment
PSMODULEPATH = C:\Program Files\WindowsPowerShell\Modules;C:\WINDOWS\system32\WindowsPowerShell\v1.0\Modules
# default
MAKE_COMMAND := make
# environment
USERDNSDOMAIN = VINCIC-GP.GRPSC.NET
# automatic
@D = $(patsubst %/,%,$(dir $@))
# makefile (from 'Makefile', line 5)
OBJ_DIR := ./build/objects
# environment
CHROME_CRASHPAD_PIPE_NAME = \\.\pipe\crashpad_36772_TNWSOVJLAPQJTDJQ
# environment
ONEDRIVECOMMERCIAL = C:\Users\rafael.olonapoblet\VINCI Construction
# environment
VSCODE_HANDLES_UNCAUGHT_ERRORS = true
# environment
VK_SDK_PATH = C:\VulkanSDK\1.2.198.1
# default
.VARIABLES := 
# automatic
%D = $(patsubst %/,%,$(dir $%))
# automatic
^D = $(patsubst %/,%,$(dir $^))
# automatic
%F = $(notdir $%)
# environment
VSCODE_CODE_CACHE_PATH = C:\Users\rafael.olonapoblet\AppData\Roaming\Code\CachedData\3b889b090b5ad5793f524b5d1d39fda662b96a2a
# environment
LANG = C
# default
.LOADED := 
# environment
TMP = /c/Users/RAFAEL~1.OLO/AppData/Local/Temp
# default
.INCLUDE_DIRS = /usr/include /usr/include
# makefile
MAKEFLAGS = pqrR
# environment
ONEDRIVE = C:\Users\rafael.olonapoblet\VINCI Construction
# makefile
CURDIR := /c/Users/rafael.olonapoblet/Desktop/tutorial/code/helloworld
# environment
APPLICATION_INSIGHTS_NO_DIAGNOSTIC_CHANNEL = 1
# automatic
*D = $(patsubst %/,%,$(dir $*))
# environment
PROGRAMFILES = C:\Program Files
# environment
MFLAGS = -pqrR
# default
.SHELLFLAGS := -c
# environment
!C: = c:\Users\rafael.olonapoblet\Desktop\tutorial\code\helloworld
# environment
COMMONPROGRAMW6432 = C:\Program Files\Common Files
# automatic
+D = $(patsubst %/,%,$(dir $+))
# makefile (from 'Makefile', line 1)
 
MAKEFILE_LIST := Makefile
# automatic
@F = $(notdir $@)
# environment
VSCODE_PID = 36772
# automatic
?D = $(patsubst %/,%,$(dir $?))
# environment
ONLINESERVICES = Online Services
# automatic
*F = $(notdir $*)
# automatic
<D = $(patsubst %/,%,$(dir $<))
# environment
VSCODE_NLS_CONFIG = {"locale":"fr","availableLanguages":{"*":"fr"},"_languagePackId":"8e1a08857df44efaeace20a1f4372f40.fr","_translationsConfigFile":"C:\\Users\\rafael.olonapoblet\\AppData\\Roaming\\Code\\clp\\8e1a08857df44efaeace20a1f4372f40.fr\\tcf.json","_cacheRoot":"C:\\Users\\rafael.olonapoblet\\AppData\\Roaming\\Code\\clp\\8e1a08857df44efaeace20a1f4372f40.fr","_resolvedLanguagePackCoreLocation":"C:\\Users\\rafael.olonapoblet\\AppData\\Roaming\\Code\\clp\\8e1a08857df44efaeace20a1f4372f40.fr\\3b889b090b5ad5793f524b5d1d39fda662b96a2a","_corruptedFile":"C:\\Users\\rafael.olonapoblet\\AppData\\Roaming\\Code\\clp\\8e1a08857df44efaeace20a1f4372f40.fr\\corrupted.info","_languagePackSupport":true}
# makefile (from 'Makefile', line 8)
INCLUDE := -Iinclude/
# default
MAKE_HOST := x86_64-pc-msys
# environment
PROGRAMDATA = C:\ProgramData
# default
SHELL := /bin/sh
# environment
HOMEPATH = \Users\rafael.olonapoblet
# default
MAKECMDGOALS := all
# environment
DRIVERDATA = C:\Windows\System32\Drivers\DriverData
# environment
COMSPEC = C:\WINDOWS\system32\cmd.exe
# environment
WINDIR = C:\WINDOWS
# environment
MAKELEVEL := 0
# default
MAKE = $(MAKE_COMMAND)
# environment
PATH = /c/Python310/Scripts:/c/Python310:/c/VulkanSDK/1.2.198.1/Bin:/mingw64/bin:/usr/bin:/c/ProgramData/Oracle/Java/javapath:/c/windows/system32:/c/windows:/c/windows/System32/Wbem:/c/windows/System32/WindowsPowerShell/v1.0:/c/windows/System32/OpenSSH:/c/Program Files/WireGuard:/c/Program Files/Git/cmd:/c/Program Files/AutoFirma/AutoFirma:/c/Program Files/nodejs:/c/ProgramData/chocolatey/bin:/c/Logiciels/StrawberryPerl/c/bin:/c/Logiciels/StrawberryPerl/perl/site/bin:/c/Logiciels/StrawberryPerl/perl/bin:/c/WINDOWS/system32:/c/WINDOWS:/c/WINDOWS/System32/Wbem:/c/WINDOWS/System32/WindowsPowerShell/v1.0:/c/WINDOWS/System32/OpenSSH:/c/Users/rafael.olonapoblet/AppData/Local/Microsoft/WindowsApps:/c/Users/rafael.olonapoblet/AppData/Local/Programs/Microsoft VS Code/bin:/c/Users/rafael.olonapoblet/AppData/Roaming/npm:/c/Users/rafael.olonapoblet/AppData/Local/Programs/MiKTeX/miktex/bin/x64
# environment
ZES_ENABLE_SYSMAN = 1
# environment
COMPUTERNAME = GCNLT2112007
# default
MAKEFILES := 
# automatic
^F = $(notdir $^)
# makefile (from 'Makefile', line 15)
DEPENDENCIES := ./build/objects/src/helloworld.d
# environment
PROMPT = $P$G
# environment
LOGONSERVER = \\VGPPRDADDSWDC01
# environment
USERNAME = rafael.olonapoblet
# environment
COMMONPROGRAMFILES = C:\Program Files\Common Files
# automatic
?F = $(notdir $?)
# environment
PROGRAMW6432 = C:\Program Files
# environment
PATHEXT = .COM;.EXE;.BAT;.CMD;.VBS;.VBE;.JS;.JSE;.WSF;.WSH;.MSC;.PY;.PYW
# automatic
+F = $(notdir $+)
# environment
ORIGINAL_XDG_CURRENT_DESKTOP = undefined
# makefile (from 'Makefile', line 14)
OBJECTS := ./build/objects/src/helloworld.o
# environment
USERDOMAIN = VINCIC-GP
# 'override' directive
GNUMAKEFLAGS := 
# environment
OS = Windows_NT
# makefile
.DEFAULT_GOAL := all
# default
MAKE_VERSION := 4.3
# environment
PLATFORMCODE = AN
# environment
PROGRAMFILES(X86) = C:\Program Files (x86)
# makefile (from 'Makefile', line 4)
BUILD := ./build
# makefile (from 'Makefile', line 3)
LDFLAGS := -L/usr/lib -lstdc++ -lm
# makefile (from 'Makefile', line 6)
APP_DIR := ./build/app
# environment
USERDOMAIN_ROAMINGPROFILE = VINCIC-GP
# environment
NUMBER_OF_PROCESSORS = 8
# environment
PUBLIC = C:\Users\Public
# environment
ASL.LOG = Destination=file
# environment
APPDATA = C:\Users\rafael.olonapoblet\AppData\Roaming
# environment
HOMEDRIVE = C:
# environment
VULKAN_SDK = C:\VulkanSDK\1.2.198.1
# environment
PROCESSOR_ARCHITECTURE = AMD64
# environment
VSCODE_AMD_ENTRYPOINT = vs/workbench/api/node/extensionHostProcess
# environment
HOME = /home/rafael.olonapoblet
# environment
COMMONPROGRAMFILES(X86) = C:\Program Files (x86)\Common Files
# environment
ELECTRON_RUN_AS_NODE = 1
# environment
TEMP = /c/Users/RAFAEL~1.OLO/AppData/Local/Temp
# environment
VSCODE_IPC_HOOK = \\.\pipe\1845c031b1d3cb67413062d17fa0d040-1.69.2-main-sock
# environment
TERM = xterm-256color
# default
.RECIPEPREFIX := 
# automatic
<F = $(notdir $<)
# default
SUFFIXES := 
# environment
ALLUSERSPROFILE = C:\ProgramData
# makefile (from 'Makefile', line 7)
TARGET := helloworld
# environment
SESSIONNAME = Console
# makefile (from 'Makefile', line 2)
CXXFLAGS := -pedantic-errors -Wall -Wextra -Werror
# default
.FEATURES := target-specific order-only second-expansion else-if shortest-stem undefine oneshell nocomment grouped-target extra-prereqs archives jobserver output-sync check-symlink load
# environment
REGIONCODE = EMEA
# environment
PROCESSOR_REVISION = 8c01
# makefile (from 'Makefile', line 1)
CXX := -c++
# environment
PROCESSOR_IDENTIFIER = Intel64 Family 6 Model 140 Stepping 1, GenuineIntel
# variable set hash-table stats:
# Load=110/1024=11%, Rehash=0, Collisions=17/156=11%

# Pattern-specific Variable Values

# No pattern-specific variable values.

# Directories

# src/module2: could not be stat'd.
# src (device 2261571276, inode 6755399441361484): 3 files, no impossibilities.
# src/module1: could not be stat'd.
# . (device 2261571276, inode 562949953695558): 8 files, no impossibilities.

# 11 files, no impossibilities in 4 directories.

# Implicit Rules

build/objects/%.o: %.cpp
#  recipe to execute (from 'Makefile', line 21):
	@mkdir -p $(@D)
	$(CXX) $(CXXFLAGS) $(INCLUDE) -c $< -MMD -o $@

# 1 implicit rules, 0 (0.0%) terminal.
# Files

build/app/helloworld: build/objects/src/helloworld.o
#  Implicit rule search has not been done.
#  Modification time never checked.
#  File has not been updated.
#  recipe to execute (from 'Makefile', line 25):
 
	@mkdir -p $(@D)
	$(CXX) $(CXXFLAGS) -o $(APP_DIR)/$(TARGET) $^ $(LDFLAGS)

# makefile (from 'Makefile', line 36)
debug: CXXFLAGS += -DDEBUG -g
debug: all
#  Phony target (prerequisite of .PHONY).
#  Implicit rule search has not been done.
#  File does not exist.
#  File has not been updated.
# variable set hash-table stats:
# Load=1/32=3%, Rehash=0, Collisions=0/3=0%

# Not a target:
Makefile:
#  Implicit rule search has been done.
#  Last modified 2022-07-24 12:25:06.3555346
#  File has been updated.
#  Successfully updated.

clean:
#  Phony target (prerequisite of .PHONY).
#  Implicit rule search has not been done.
#  File does not exist.
#  File has not been updated.
#  recipe to execute (from 'Makefile', line 43):
	-@rm -rvf $(OBJ_DIR)/*
	-@rm -rvf $(APP_DIR)/*

info:
#  Phony target (prerequisite of .PHONY).
#  Implicit rule search has not been done.
#  File does not exist.
#  File has not been updated.
#  recipe to execute (from 'Makefile', line 47):
	@echo "[*] Application dir: ${APP_DIR}     "
	@echo "[*] Object dir:      ${OBJ_DIR}     "
	@echo "[*] Sources:         ${SRC}         "
	@echo "[*] Objects:         ${OBJECTS}     "
	@echo "[*] Dependencies:    ${DEPENDENCIES}"

# Not a target:
.DEFAULT:
#  Implicit rule search has not been done.
#  Modification time never checked.
#  File has not been updated.

all: build build/app/helloworld
#  Phony target (prerequisite of .PHONY).
#  Command line target.
#  Implicit rule search has not been done.
#  File does not exist.
#  File has been updated.
#  Needs to be updated (-q is set).
# variable set hash-table stats:
# Load=0/32=0%, Rehash=0, Collisions=0/5=0%

# Not a target:
build/objects/src/helloworld.o:
#  Implicit rule search has not been done.
#  Modification time never checked.
#  File has not been updated.

build:
#  Phony target (prerequisite of .PHONY).
#  Implicit rule search has not been done.
#  Implicit/static pattern stem: ''
#  File does not exist.
#  File has been updated.
#  Needs to be updated (-q is set).
# automatic
# @ := build
# automatic
# * := 
# automatic
# < := 
# automatic
# + := 
# automatic
# % := 
# automatic
# ^ := 
# automatic
# ? := 
# automatic
# | := 
# variable set hash-table stats:
# Load=8/32=25%, Rehash=0, Collisions=2/13=15%
#  recipe to execute (from 'Makefile', line 33):
	@mkdir -p $(APP_DIR)
	@mkdir -p $(OBJ_DIR)

# Not a target:
build/objects/src/helloworld.d:
#  Implicit rule search has been done.
#  File does not exist.
#  File has been updated.
#  Failed to be updated.

# makefile (from 'Makefile', line 39)
release: CXXFLAGS += -O2
release: all
#  Phony target (prerequisite of .PHONY).
#  Implicit rule search has not been done.
#  File does not exist.
#  File has not been updated.
# variable set hash-table stats:
# Load=1/32=3%, Rehash=0, Collisions=0/3=0%

# Not a target:
.SUFFIXES:
#  Implicit rule search has not been done.
#  Modification time never checked.
#  File has not been updated.

.PHONY: all build clean debug release info
#  Implicit rule search has not been done.
#  Modification time never checked.
#  File has not been updated.

# files hash-table stats:
# Load=13/1024=1%, Rehash=0, Collisions=0/45=0%
# VPATH Search Paths

# No 'vpath' search paths.

# No general ('VPATH' variable) search path.

# strcache buffers: 1 (0) / strings = 26 / storage = 272 B / avg = 10 B
 
# current buf: size = 8162 B / used = 272 B / count = 26 / avg = 10 B

# strcache performance: lookups = 56 / hit rate = 53%
# hash-table stats:
# Load=26/8192=0%, Rehash=0, Collisions=0/56=0%
# Finished Make data base on Sun Jul 24 13:42:36 2022

 
